This is pdfTeX, Version 3.14159265-2.6-1.40.18 (TeX Live 2017) (preloaded format=pdflatex 2017.5.23)  18 MAR 2018 23:31
entering extended mode
 restricted \write18 enabled.
 file:line:error style messages enabled.
 %&-line parsing enabled.
**"/Users/bryan/Git/COMP-ENG-2020-TERM-5/ENG5895/ENG5895 Software Design.tex"
(/Users/bryan/Git/COMP-ENG-2020-TERM-5/ENG5895/ENG5895 Software Design.tex
LaTeX2e <2017-04-15>
Babel <3.10> and hyphenation patterns for 84 language(s) loaded.
(/usr/local/texlive/2017/texmf-dist/tex/latex/base/article.cls
Document Class: article 2014/09/29 v1.4h Standard LaTeX document class
(/usr/local/texlive/2017/texmf-dist/tex/latex/base/size11.clo
File: size11.clo 2014/09/29 v1.4h Standard LaTeX file (size option)
)
\c@part=\count79
\c@section=\count80
\c@subsection=\count81
\c@subsubsection=\count82
\c@paragraph=\count83
\c@subparagraph=\count84
\c@figure=\count85
\c@table=\count86
\abovecaptionskip=\skip41
\belowcaptionskip=\skip42
\bibindent=\dimen102
)
(/usr/local/texlive/2017/texmf-dist/tex/latex/caption/caption.sty
Package: caption 2016/02/21 v3.3-144 Customizing captions (AR)

(/usr/local/texlive/2017/texmf-dist/tex/latex/caption/caption3.sty
Package: caption3 2016/05/22 v1.7-166 caption3 kernel (AR)
Package caption3 Info: TeX engine: e-TeX on input line 67.

(/usr/local/texlive/2017/texmf-dist/tex/latex/graphics/keyval.sty
Package: keyval 2014/10/28 v1.15 key=value parser (DPC)
\KV@toks@=\toks14
)
\captionmargin=\dimen103
\captionmargin@=\dimen104
\captionwidth=\dimen105
\caption@tempdima=\dimen106
\caption@indent=\dimen107
\caption@parindent=\dimen108
\caption@hangindent=\dimen109
)
\c@ContinuedFloat=\count87
)
(/usr/local/texlive/2017/texmf-dist/tex/latex/caption/newfloat.sty
Package: newfloat 2015/09/17 v1.1-109 Defining new floating environments (AR)
)
Package newfloat Info: New float `equ' with options `' on input line 4.
\c@equ=\count88
\newfloat@ftype=\count89
Package newfloat Info: float type `equ'=8 on input line 4.

(/usr/local/texlive/2017/texmf-dist/tex/latex/xcolor/xcolor.sty
Package: xcolor 2016/05/11 v2.12 LaTeX color extensions (UK)

(/usr/local/texlive/2017/texmf-dist/tex/latex/graphics-cfg/color.cfg
File: color.cfg 2016/01/02 v1.6 sample color configuration
)
Package xcolor Info: Driver file: pdftex.def on input line 225.

(/usr/local/texlive/2017/texmf-dist/tex/latex/graphics-def/pdftex.def
File: pdftex.def 2017/01/12 v0.06k Graphics/color for pdfTeX

(/usr/local/texlive/2017/texmf-dist/tex/generic/oberdiek/infwarerr.sty
Package: infwarerr 2016/05/16 v1.4 Providing info/warning/error messages (HO)
)
(/usr/local/texlive/2017/texmf-dist/tex/generic/oberdiek/ltxcmds.sty
Package: ltxcmds 2016/05/16 v1.23 LaTeX kernel commands for general use (HO)
)
\Gread@gobject=\count90
)
Package xcolor Info: Model `cmy' substituted by `cmy0' on input line 1348.
Package xcolor Info: Model `hsb' substituted by `rgb' on input line 1352.
Package xcolor Info: Model `RGB' extended on input line 1364.
Package xcolor Info: Model `HTML' substituted by `rgb' on input line 1366.
Package xcolor Info: Model `Hsb' substituted by `hsb' on input line 1367.
Package xcolor Info: Model `tHsb' substituted by `hsb' on input line 1368.
Package xcolor Info: Model `HSB' substituted by `hsb' on input line 1369.
Package xcolor Info: Model `Gray' substituted by `gray' on input line 1370.
Package xcolor Info: Model `wave' substituted by `hsb' on input line 1371.

(/usr/local/texlive/2017/texmf-dist/tex/latex/xcolor/svgnam.def
File: svgnam.def 2016/05/11 v2.12 Predefined colors according to SVG 1.1 (UK)
))
(/usr/local/texlive/2017/texmf-dist/tex/latex/paratype/PTSerif.sty
Package: PTSerif 2011/02/10 Style file for PTSerif.
)
(./ENG5895 Software Design.aux)
\openout1 = `"ENG5895 Software Design.aux"'.

LaTeX Font Info:    Checking defaults for OML/cmm/m/it on input line 11.
LaTeX Font Info:    ... okay on input line 11.
LaTeX Font Info:    Checking defaults for T1/cmr/m/n on input line 11.
LaTeX Font Info:    ... okay on input line 11.
LaTeX Font Info:    Checking defaults for OT1/cmr/m/n on input line 11.
LaTeX Font Info:    ... okay on input line 11.
LaTeX Font Info:    Checking defaults for OMS/cmsy/m/n on input line 11.
LaTeX Font Info:    ... okay on input line 11.
LaTeX Font Info:    Checking defaults for OMX/cmex/m/n on input line 11.
LaTeX Font Info:    ... okay on input line 11.
LaTeX Font Info:    Checking defaults for U/cmr/m/n on input line 11.
LaTeX Font Info:    ... okay on input line 11.
LaTeX Font Info:    Try loading font information for OT1+PTSerif-TLF on input l
ine 11.

(/usr/local/texlive/2017/texmf-dist/tex/latex/paratype/OT1PTSerif-TLF.fd
File: OT1PTSerif-TLF.fd 2014/02/02 Font definitions for OT1/PTSerif-TLF.
)
Package caption Info: Begin \AtBeginDocument code.
Package caption Info: End \AtBeginDocument code.

(/usr/local/texlive/2017/texmf-dist/tex/context/base/mkii/supp-pdf.mkii
[Loading MPS to PDF converter (version 2006.09.02).]
\scratchcounter=\count91
\scratchdimen=\dimen110
\scratchbox=\box26
\nofMPsegments=\count92
\nofMParguments=\count93
\everyMPshowfont=\toks15
\MPscratchCnt=\count94
\MPscratchDim=\dimen111
\MPnumerator=\count95
\makeMPintoPDFobject=\count96
\everyMPtoPDFconversion=\toks16
)
LaTeX Font Info:    Font shape `OT1/PTSerif-TLF/bx/n' in size <10.95> not avail
able
(Font)              Font shape `OT1/PTSerif-TLF/b/n' tried instead on input lin
e 23.
LaTeX Font Info:    Font shape `OT1/PTSerif-TLF/bx/n' in size <17.28> not avail
able
(Font)              Font shape `OT1/PTSerif-TLF/b/n' tried instead on input lin
e 23.
LaTeX Font Info:    External font `cmex10' loaded for size
(Font)              <12> on input line 31.
LaTeX Font Info:    External font `cmex10' loaded for size
(Font)              <8> on input line 31.
LaTeX Font Info:    External font `cmex10' loaded for size
(Font)              <6> on input line 31.
 [1

{/usr/local/texlive/2017/texmf-var/fonts/map/pdftex/updmap/pdftex.map}]
LaTeX Font Info:    Font shape `OT1/PTSerif-TLF/bx/n' in size <14.4> not availa
ble
(Font)              Font shape `OT1/PTSerif-TLF/b/n' tried instead on input lin
e 41.

(./ENG5895 Software Design.toc
LaTeX Font Info:    External font `cmex10' loaded for size
(Font)              <10.95> on input line 2.
Missing character: There is no ‚ in font PTSerif-Regular-tlf-ot1!
Missing character: There is no Ä in font PTSerif-Regular-tlf-ot1!
Missing character: There is no ú in font PTSerif-Regular-tlf-ot1!
Missing character: There is no ‚ in font PTSerif-Regular-tlf-ot1!
Missing character: There is no Ä in font PTSerif-Regular-tlf-ot1!
Missing character: There is no ù in font PTSerif-Regular-tlf-ot1!

Overfull \hbox (2.15985pt too wide) in paragraph at lines 5--5
 [][] []\OT1/PTSerif-TLF/m/n/10.95 Composition (Whole-Part re-la-tion-ship with
 same life- 
 []

[1] [2])
\tf@toc=\write3
\openout3 = `"ENG5895 Software Design.toc"'.

 [3]
LaTeX Font Info:    Font shape `OT1/PTSerif-TLF/bx/n' in size <12> not availabl
e
(Font)              Font shape `OT1/PTSerif-TLF/b/n' tried instead on input lin
e 48.
Missing character: There is no ‚ in font PTSerif-Regular-tlf-ot1!
Missing character: There is no Ä in font PTSerif-Regular-tlf-ot1!
Missing character: There is no ¢ in font PTSerif-Regular-tlf-ot1!
Missing character: There is no ‚ in font PTSerif-Bold-tlf-ot1!
Missing character: There is no Ä in font PTSerif-Bold-tlf-ot1!
Missing character: There is no ú in font PTSerif-Bold-tlf-ot1!
Missing character: There is no ‚ in font PTSerif-Bold-tlf-ot1!
Missing character: There is no Ä in font PTSerif-Bold-tlf-ot1!
Missing character: There is no ù in font PTSerif-Bold-tlf-ot1!
Missing character: There is no ‚ in font PTSerif-Regular-tlf-ot1!
Missing character: There is no Ä in font PTSerif-Regular-tlf-ot1!
Missing character: There is no ¢ in font PTSerif-Regular-tlf-ot1!
Missing character: There is no ‚ in font PTSerif-Regular-tlf-ot1!
Missing character: There is no Ä in font PTSerif-Regular-tlf-ot1!
Missing character: There is no ¢ in font PTSerif-Regular-tlf-ot1!
Missing character: There is no ‚ in font PTSerif-Regular-tlf-ot1!
Missing character: There is no Ä in font PTSerif-Regular-tlf-ot1!
Missing character: There is no ¶ in font PTSerif-Regular-tlf-ot1!
Missing character: There is no ‚ in font PTSerif-Regular-tlf-ot1!
Missing character: There is no Ä in font PTSerif-Regular-tlf-ot1!
Missing character: There is no ¢ in font PTSerif-Regular-tlf-ot1!
Missing character: There is no ‚ in font PTSerif-Regular-tlf-ot1!
Missing character: There is no Ä in font PTSerif-Regular-tlf-ot1!
Missing character: There is no ¢ in font PTSerif-Regular-tlf-ot1!
Missing character: There is no ‚ in font PTSerif-Regular-tlf-ot1!
Missing character: There is no Ä in font PTSerif-Regular-tlf-ot1!
Missing character: There is no ¢ in font PTSerif-Regular-tlf-ot1!
Missing character: There is no ‚ in font PTSerif-Regular-tlf-ot1!
Missing character: There is no Ä in font PTSerif-Regular-tlf-ot1!
Missing character: There is no ¢ in font PTSerif-Regular-tlf-ot1!
Missing character: There is no ‚ in font PTSerif-Regular-tlf-ot1!
Missing character: There is no Ä in font PTSerif-Regular-tlf-ot1!
Missing character: There is no ú in font PTSerif-Regular-tlf-ot1!
Missing character: There is no ‚ in font PTSerif-Regular-tlf-ot1!
Missing character: There is no Ä in font PTSerif-Regular-tlf-ot1!
Missing character: There is no ù in font PTSerif-Regular-tlf-ot1!
Missing character: There is no ‚ in font PTSerif-Regular-tlf-ot1!
Missing character: There is no Ä in font PTSerif-Regular-tlf-ot1!
Missing character: There is no ¢ in font PTSerif-Regular-tlf-ot1!
Missing character: There is no ‚ in font PTSerif-Regular-tlf-ot1!
Missing character: There is no Ä in font PTSerif-Regular-tlf-ot1!
Missing character: There is no ú in font PTSerif-Regular-tlf-ot1!
Missing character: There is no ‚ in font PTSerif-Regular-tlf-ot1!
Missing character: There is no Ä in font PTSerif-Regular-tlf-ot1!
Missing character: There is no ù in font PTSerif-Regular-tlf-ot1!
Missing character: There is no ‚ in font PTSerif-Regular-tlf-ot1!
Missing character: There is no Ä in font PTSerif-Regular-tlf-ot1!
Missing character: There is no ú in font PTSerif-Regular-tlf-ot1!
Missing character: There is no ‚ in font PTSerif-Regular-tlf-ot1!
Missing character: There is no Ä in font PTSerif-Regular-tlf-ot1!
Missing character: There is no ù in font PTSerif-Regular-tlf-ot1!
Missing character: There is no ‚ in font PTSerif-Regular-tlf-ot1!
Missing character: There is no Ä in font PTSerif-Regular-tlf-ot1!
Missing character: There is no ¢ in font PTSerif-Regular-tlf-ot1!
Missing character: There is no ‚ in font PTSerif-Regular-tlf-ot1!
Missing character: There is no Ä in font PTSerif-Regular-tlf-ot1!
Missing character: There is no ô in font PTSerif-Regular-tlf-ot1!
Missing character: There is no ‚ in font PTSerif-Regular-tlf-ot1!
Missing character: There is no Ä in font PTSerif-Regular-tlf-ot1!
Missing character: There is no ú in font PTSerif-Regular-tlf-ot1!
Missing character: There is no ‚ in font PTSerif-Regular-tlf-ot1!
Missing character: There is no Ä in font PTSerif-Regular-tlf-ot1!
Missing character: There is no ù in font PTSerif-Regular-tlf-ot1!
Missing character: There is no ‚ in font PTSerif-Regular-tlf-ot1!
Missing character: There is no Ä in font PTSerif-Regular-tlf-ot1!
Missing character: There is no ¶ in font PTSerif-Regular-tlf-ot1!
 [4]
Missing character: There is no ‚ in font PTSerif-Regular-tlf-ot1!
Missing character: There is no Ä in font PTSerif-Regular-tlf-ot1!
Missing character: There is no ¢ in font PTSerif-Regular-tlf-ot1!
Missing character: There is no ‚ in font PTSerif-Regular-tlf-ot1!
Missing character: There is no Ä in font PTSerif-Regular-tlf-ot1!
Missing character: There is no ¢ in font PTSerif-Regular-tlf-ot1!
Missing character: There is no ‚ in font PTSerif-Regular-tlf-ot1!
Missing character: There is no Ä in font PTSerif-Regular-tlf-ot1!
Missing character: There is no ¢ in font PTSerif-Regular-tlf-ot1!
Missing character: There is no ‚ in font PTSerif-Regular-tlf-ot1!
Missing character: There is no Ä in font PTSerif-Regular-tlf-ot1!
Missing character: There is no ¢ in font PTSerif-Regular-tlf-ot1!
Missing character: There is no ‚ in font PTSerif-Regular-tlf-ot1!
Missing character: There is no Ä in font PTSerif-Regular-tlf-ot1!
Missing character: There is no ¢ in font PTSerif-Regular-tlf-ot1!
Missing character: There is no ‚ in font PTSerif-Regular-tlf-ot1!
Missing character: There is no Ä in font PTSerif-Regular-tlf-ot1!
Missing character: There is no ¢ in font PTSerif-Regular-tlf-ot1!
Missing character: There is no ‚ in font PTSerif-Regular-tlf-ot1!
Missing character: There is no Ä in font PTSerif-Regular-tlf-ot1!
Missing character: There is no ¢ in font PTSerif-Regular-tlf-ot1!
Missing character: There is no ‚ in font PTSerif-Regular-tlf-ot1!
Missing character: There is no Ä in font PTSerif-Regular-tlf-ot1!
Missing character: There is no ¢ in font PTSerif-Regular-tlf-ot1!
Missing character: There is no ‚ in font PTSerif-Regular-tlf-ot1!
Missing character: There is no Ä in font PTSerif-Regular-tlf-ot1!
Missing character: There is no ¢ in font PTSerif-Regular-tlf-ot1!
Missing character: There is no Ô in font PTSerif-Regular-tlf-ot1!
Missing character: There is no Å in font PTSerif-Regular-tlf-ot1!
Missing character: There is no õ in font PTSerif-Regular-tlf-ot1!
Missing character: There is no ‚ in font PTSerif-Regular-tlf-ot1!
Missing character: There is no Ä in font PTSerif-Regular-tlf-ot1!
Missing character: There is no ¶ in font PTSerif-Regular-tlf-ot1!
Missing character: There is no Ô in font PTSerif-Regular-tlf-ot1!
Missing character: There is no Å in font PTSerif-Regular-tlf-ot1!
Missing character: There is no õ in font PTSerif-Regular-tlf-ot1!
Missing character: There is no Ô in font PTSerif-Regular-tlf-ot1!
Missing character: There is no Å in font PTSerif-Regular-tlf-ot1!
Missing character: There is no õ in font PTSerif-Regular-tlf-ot1!
Missing character: There is no ‚ in font PTSerif-Regular-tlf-ot1!
Missing character: There is no Ä in font PTSerif-Regular-tlf-ot1!
Missing character: There is no ¢ in font PTSerif-Regular-tlf-ot1!
Missing character: There is no ‚ in font PTSerif-Regular-tlf-ot1!
Missing character: There is no Ä in font PTSerif-Regular-tlf-ot1!
Missing character: There is no ¢ in font PTSerif-Regular-tlf-ot1!
Missing character: There is no ‚ in font PTSerif-Regular-tlf-ot1!
Missing character: There is no Ä in font PTSerif-Regular-tlf-ot1!
Missing character: There is no ú in font PTSerif-Regular-tlf-ot1!
Missing character: There is no ‚ in font PTSerif-Regular-tlf-ot1!
Missing character: There is no Ä in font PTSerif-Regular-tlf-ot1!
Missing character: There is no ù in font PTSerif-Regular-tlf-ot1!
Missing character: There is no ‚ in font PTSerif-Regular-tlf-ot1!
Missing character: There is no Ä in font PTSerif-Regular-tlf-ot1!
Missing character: There is no ¢ in font PTSerif-Regular-tlf-ot1!
Missing character: There is no ‚ in font PTSerif-Regular-tlf-ot1!
Missing character: There is no Ä in font PTSerif-Regular-tlf-ot1!
Missing character: There is no ¢ in font PTSerif-Regular-tlf-ot1!
 [5]
Missing character: There is no ‚ in font PTSerif-Regular-tlf-ot1!
Missing character: There is no Ä in font PTSerif-Regular-tlf-ot1!
Missing character: There is no ¶ in font PTSerif-Regular-tlf-ot1!
Missing character: There is no ‚ in font PTSerif-Regular-tlf-ot1!
Missing character: There is no Ä in font PTSerif-Regular-tlf-ot1!
Missing character: There is no ¢ in font PTSerif-Regular-tlf-ot1!
Missing character: There is no ‚ in font PTSerif-Regular-tlf-ot1!
Missing character: There is no Ä in font PTSerif-Regular-tlf-ot1!
Missing character: There is no ¢ in font PTSerif-Regular-tlf-ot1!
Missing character: There is no ‚ in font PTSerif-Regular-tlf-ot1!
Missing character: There is no Ä in font PTSerif-Regular-tlf-ot1!
Missing character: There is no ¢ in font PTSerif-Regular-tlf-ot1!
Missing character: There is no ‚ in font PTSerif-Regular-tlf-ot1!
Missing character: There is no Ä in font PTSerif-Regular-tlf-ot1!
Missing character: There is no ¢ in font PTSerif-Regular-tlf-ot1!
Missing character: There is no ‚ in font PTSerif-Regular-tlf-ot1!
Missing character: There is no Ä in font PTSerif-Regular-tlf-ot1!
Missing character: There is no ¢ in font PTSerif-Regular-tlf-ot1!
Missing character: There is no ‚ in font PTSerif-Regular-tlf-ot1!
Missing character: There is no Ä in font PTSerif-Regular-tlf-ot1!
Missing character: There is no ¢ in font PTSerif-Regular-tlf-ot1!
Missing character: There is no ‚ in font PTSerif-Regular-tlf-ot1!
Missing character: There is no Ä in font PTSerif-Regular-tlf-ot1!
Missing character: There is no ¢ in font PTSerif-Regular-tlf-ot1!
Missing character: There is no ‚ in font PTSerif-Regular-tlf-ot1!
Missing character: There is no Ä in font PTSerif-Regular-tlf-ot1!
Missing character: There is no ¶ in font PTSerif-Regular-tlf-ot1!
Missing character: There is no ‚ in font PTSerif-Regular-tlf-ot1!
Missing character: There is no Ä in font PTSerif-Regular-tlf-ot1!
Missing character: There is no ¢ in font PTSerif-Regular-tlf-ot1!
Missing character: There is no ‚ in font PTSerif-Regular-tlf-ot1!
Missing character: There is no Ä in font PTSerif-Regular-tlf-ot1!
Missing character: There is no ¢ in font PTSerif-Regular-tlf-ot1!
Missing character: There is no ‚ in font PTSerif-Regular-tlf-ot1!
Missing character: There is no Ä in font PTSerif-Regular-tlf-ot1!
Missing character: There is no ¢ in font PTSerif-Regular-tlf-ot1!
 [6]
Missing character: There is no ‚ in font PTSerif-Regular-tlf-ot1!
Missing character: There is no Ä in font PTSerif-Regular-tlf-ot1!
Missing character: There is no ¢ in font PTSerif-Regular-tlf-ot1!
Missing character: There is no ‚ in font PTSerif-Regular-tlf-ot1!
Missing character: There is no Ä in font PTSerif-Regular-tlf-ot1!
Missing character: There is no ¢ in font PTSerif-Regular-tlf-ot1!
Missing character: There is no ‚ in font PTSerif-Regular-tlf-ot1!
Missing character: There is no Ä in font PTSerif-Regular-tlf-ot1!
Missing character: There is no ¢ in font PTSerif-Regular-tlf-ot1!
Missing character: There is no ‚ in font PTSerif-Regular-tlf-ot1!
Missing character: There is no Ä in font PTSerif-Regular-tlf-ot1!
Missing character: There is no ¢ in font PTSerif-Regular-tlf-ot1!
Missing character: There is no ‚ in font PTSerif-Regular-tlf-ot1!
Missing character: There is no Ä in font PTSerif-Regular-tlf-ot1!
Missing character: There is no ¢ in font PTSerif-Regular-tlf-ot1!
Missing character: There is no ‚ in font PTSerif-Regular-tlf-ot1!
Missing character: There is no Ä in font PTSerif-Regular-tlf-ot1!
Missing character: There is no ¢ in font PTSerif-Regular-tlf-ot1!
Missing character: There is no Ô in font PTSerif-Regular-tlf-ot1!
Missing character: There is no Å in font PTSerif-Regular-tlf-ot1!
Missing character: There is no õ in font PTSerif-Regular-tlf-ot1!
Missing character: There is no ‚ in font PTSerif-Regular-tlf-ot1!
Missing character: There is no Ä in font PTSerif-Regular-tlf-ot1!
Missing character: There is no ô in font PTSerif-Regular-tlf-ot1!
Missing character: There is no ‚ in font PTSerif-Regular-tlf-ot1!
Missing character: There is no Ä in font PTSerif-Regular-tlf-ot1!
Missing character: There is no ù in font PTSerif-Regular-tlf-ot1!
Missing character: There is no ‚ in font PTSerif-Regular-tlf-ot1!
Missing character: There is no Ä in font PTSerif-Regular-tlf-ot1!
Missing character: There is no ù in font PTSerif-Regular-tlf-ot1!
Missing character: There is no ‚ in font PTSerif-Regular-tlf-ot1!
Missing character: There is no Ä in font PTSerif-Regular-tlf-ot1!
Missing character: There is no ¢ in font PTSerif-Regular-tlf-ot1!
Missing character: There is no ‚ in font PTSerif-Regular-tlf-ot1!
Missing character: There is no Ä in font PTSerif-Regular-tlf-ot1!
Missing character: There is no ¢ in font PTSerif-Regular-tlf-ot1!
Missing character: There is no ‚ in font PTSerif-Regular-tlf-ot1!
Missing character: There is no Ä in font PTSerif-Regular-tlf-ot1!
Missing character: There is no ¢ in font PTSerif-Regular-tlf-ot1!
Missing character: There is no ‚ in font PTSerif-Regular-tlf-ot1!
Missing character: There is no Ä in font PTSerif-Regular-tlf-ot1!
Missing character: There is no ¢ in font PTSerif-Regular-tlf-ot1!
Missing character: There is no ‚ in font PTSerif-Regular-tlf-ot1!
Missing character: There is no Ä in font PTSerif-Regular-tlf-ot1!
Missing character: There is no ¢ in font PTSerif-Regular-tlf-ot1!
Missing character: There is no ‚ in font PTSerif-Regular-tlf-ot1!
Missing character: There is no Ä in font PTSerif-Regular-tlf-ot1!
Missing character: There is no ¢ in font PTSerif-Regular-tlf-ot1!
Missing character: There is no ‚ in font PTSerif-Regular-tlf-ot1!
Missing character: There is no Ä in font PTSerif-Regular-tlf-ot1!
Missing character: There is no ¢ in font PTSerif-Regular-tlf-ot1!
Missing character: There is no ‚ in font PTSerif-Regular-tlf-ot1!
Missing character: There is no Ä in font PTSerif-Regular-tlf-ot1!
Missing character: There is no ú in font PTSerif-Regular-tlf-ot1!
Missing character: There is no ‚ in font PTSerif-Regular-tlf-ot1!
Missing character: There is no Ä in font PTSerif-Regular-tlf-ot1!
Missing character: There is no ù in font PTSerif-Regular-tlf-ot1!
Missing character: There is no Ô in font PTSerif-Regular-tlf-ot1!
Missing character: There is no Å in font PTSerif-Regular-tlf-ot1!
Missing character: There is no õ in font PTSerif-Regular-tlf-ot1!
Missing character: There is no ‚ in font PTSerif-Regular-tlf-ot1!
Missing character: There is no Ä in font PTSerif-Regular-tlf-ot1!
Missing character: There is no ¢ in font PTSerif-Regular-tlf-ot1!
Missing character: There is no ‚ in font PTSerif-Regular-tlf-ot1!
Missing character: There is no Ä in font PTSerif-Regular-tlf-ot1!
Missing character: There is no ¢ in font PTSerif-Regular-tlf-ot1!
 [7]
Missing character: There is no ‚ in font PTSerif-Regular-tlf-ot1!
Missing character: There is no Ä in font PTSerif-Regular-tlf-ot1!
Missing character: There is no ¢ in font PTSerif-Regular-tlf-ot1!
Missing character: There is no ‚ in font PTSerif-Regular-tlf-ot1!
Missing character: There is no Ä in font PTSerif-Regular-tlf-ot1!
Missing character: There is no ¢ in font PTSerif-Regular-tlf-ot1!
Missing character: There is no ‚ in font PTSerif-Regular-tlf-ot1!
Missing character: There is no Ä in font PTSerif-Regular-tlf-ot1!
Missing character: There is no ¢ in font PTSerif-Regular-tlf-ot1!
Missing character: There is no ‚ in font PTSerif-Regular-tlf-ot1!
Missing character: There is no Ä in font PTSerif-Regular-tlf-ot1!
Missing character: There is no ú in font PTSerif-Regular-tlf-ot1!
Missing character: There is no ‚ in font PTSerif-Regular-tlf-ot1!
Missing character: There is no Ä in font PTSerif-Regular-tlf-ot1!
Missing character: There is no ù in font PTSerif-Regular-tlf-ot1!
Missing character: There is no ‚ in font PTSerif-Regular-tlf-ot1!
Missing character: There is no Ä in font PTSerif-Regular-tlf-ot1!
Missing character: There is no ¢ in font PTSerif-Regular-tlf-ot1!
Missing character: There is no ‚ in font PTSerif-Regular-tlf-ot1!
Missing character: There is no Ä in font PTSerif-Regular-tlf-ot1!
Missing character: There is no ¢ in font PTSerif-Regular-tlf-ot1!
Missing character: There is no ‚ in font PTSerif-Regular-tlf-ot1!
Missing character: There is no Ä in font PTSerif-Regular-tlf-ot1!
Missing character: There is no ¢ in font PTSerif-Regular-tlf-ot1!
Missing character: There is no ‚ in font PTSerif-Regular-tlf-ot1!
Missing character: There is no Ä in font PTSerif-Regular-tlf-ot1!
Missing character: There is no ¢ in font PTSerif-Regular-tlf-ot1!
Missing character: There is no ‚ in font PTSerif-Regular-tlf-ot1!
Missing character: There is no Ä in font PTSerif-Regular-tlf-ot1!
Missing character: There is no ¢ in font PTSerif-Regular-tlf-ot1!
Missing character: There is no ‚ in font PTSerif-Regular-tlf-ot1!
Missing character: There is no Ä in font PTSerif-Regular-tlf-ot1!
Missing character: There is no ¢ in font PTSerif-Regular-tlf-ot1!
Missing character: There is no ‚ in font PTSerif-Regular-tlf-ot1!
Missing character: There is no Ä in font PTSerif-Regular-tlf-ot1!
Missing character: There is no ¢ in font PTSerif-Regular-tlf-ot1!
Missing character: There is no ‚ in font PTSerif-Regular-tlf-ot1!
Missing character: There is no Ä in font PTSerif-Regular-tlf-ot1!
Missing character: There is no ¢ in font PTSerif-Regular-tlf-ot1!
Missing character: There is no ‚ in font PTSerif-Regular-tlf-ot1!
Missing character: There is no Ä in font PTSerif-Regular-tlf-ot1!
Missing character: There is no ¢ in font PTSerif-Regular-tlf-ot1!
Missing character: There is no ‚ in font PTSerif-Regular-tlf-ot1!
Missing character: There is no Ä in font PTSerif-Regular-tlf-ot1!
Missing character: There is no ¢ in font PTSerif-Regular-tlf-ot1!
Missing character: There is no ‚ in font PTSerif-Regular-tlf-ot1!
Missing character: There is no Ä in font PTSerif-Regular-tlf-ot1!
Missing character: There is no ¢ in font PTSerif-Regular-tlf-ot1!
Missing character: There is no ‚ in font PTSerif-Regular-tlf-ot1!
Missing character: There is no Ä in font PTSerif-Regular-tlf-ot1!
Missing character: There is no ¢ in font PTSerif-Regular-tlf-ot1!
Missing character: There is no ‚ in font PTSerif-Regular-tlf-ot1!
Missing character: There is no Ä in font PTSerif-Regular-tlf-ot1!
Missing character: There is no ¢ in font PTSerif-Regular-tlf-ot1!
Missing character: There is no ‚ in font PTSerif-Regular-tlf-ot1!
Missing character: There is no Ä in font PTSerif-Regular-tlf-ot1!
Missing character: There is no ¢ in font PTSerif-Regular-tlf-ot1!
Missing character: There is no ‚ in font PTSerif-Regular-tlf-ot1!
Missing character: There is no Ä in font PTSerif-Regular-tlf-ot1!
Missing character: There is no ¢ in font PTSerif-Regular-tlf-ot1!
Missing character: There is no ‚ in font PTSerif-Regular-tlf-ot1!
Missing character: There is no Ä in font PTSerif-Regular-tlf-ot1!
Missing character: There is no ú in font PTSerif-Regular-tlf-ot1!
Missing character: There is no ‚ in font PTSerif-Regular-tlf-ot1!
Missing character: There is no Ä in font PTSerif-Regular-tlf-ot1!
Missing character: There is no ù in font PTSerif-Regular-tlf-ot1!
Missing character: There is no ‚ in font PTSerif-Regular-tlf-ot1!
Missing character: There is no Ä in font PTSerif-Regular-tlf-ot1!
Missing character: There is no ú in font PTSerif-Regular-tlf-ot1!
Missing character: There is no ‚ in font PTSerif-Regular-tlf-ot1!
Missing character: There is no Ä in font PTSerif-Regular-tlf-ot1!
Missing character: There is no ù in font PTSerif-Regular-tlf-ot1!
 [8]
Missing character: There is no ‚ in font PTSerif-Regular-tlf-ot1!
Missing character: There is no Ä in font PTSerif-Regular-tlf-ot1!
Missing character: There is no ¢ in font PTSerif-Regular-tlf-ot1!
Missing character: There is no ‚ in font PTSerif-Regular-tlf-ot1!
Missing character: There is no Ä in font PTSerif-Regular-tlf-ot1!
Missing character: There is no ¢ in font PTSerif-Regular-tlf-ot1!
Missing character: There is no ‚ in font PTSerif-Regular-tlf-ot1!
Missing character: There is no Ä in font PTSerif-Regular-tlf-ot1!
Missing character: There is no ¢ in font PTSerif-Regular-tlf-ot1!
Missing character: There is no ‚ in font PTSerif-Regular-tlf-ot1!
Missing character: There is no Ä in font PTSerif-Regular-tlf-ot1!
Missing character: There is no ¢ in font PTSerif-Regular-tlf-ot1!
Missing character: There is no ‚ in font PTSerif-Regular-tlf-ot1!
Missing character: There is no Ä in font PTSerif-Regular-tlf-ot1!
Missing character: There is no ¢ in font PTSerif-Regular-tlf-ot1!
Missing character: There is no ‚ in font PTSerif-Regular-tlf-ot1!
Missing character: There is no Ä in font PTSerif-Regular-tlf-ot1!
Missing character: There is no ¢ in font PTSerif-Regular-tlf-ot1!
Missing character: There is no ‚ in font PTSerif-Regular-tlf-ot1!
Missing character: There is no Ä in font PTSerif-Regular-tlf-ot1!
Missing character: There is no ¢ in font PTSerif-Regular-tlf-ot1!
Missing character: There is no ‚ in font PTSerif-Regular-tlf-ot1!
Missing character: There is no Ä in font PTSerif-Regular-tlf-ot1!
Missing character: There is no ¢ in font PTSerif-Regular-tlf-ot1!
Missing character: There is no ‚ in font PTSerif-Regular-tlf-ot1!
Missing character: There is no Ä in font PTSerif-Regular-tlf-ot1!
Missing character: There is no ¢ in font PTSerif-Regular-tlf-ot1!
Missing character: There is no ‚ in font PTSerif-Regular-tlf-ot1!
Missing character: There is no Ä in font PTSerif-Regular-tlf-ot1!
Missing character: There is no ¢ in font PTSerif-Regular-tlf-ot1!
Missing character: There is no ‚ in font PTSerif-Regular-tlf-ot1!
Missing character: There is no Ä in font PTSerif-Regular-tlf-ot1!
Missing character: There is no ¢ in font PTSerif-Regular-tlf-ot1!
Missing character: There is no ‚ in font PTSerif-Regular-tlf-ot1!
Missing character: There is no Ä in font PTSerif-Regular-tlf-ot1!
Missing character: There is no ¢ in font PTSerif-Regular-tlf-ot1!
Missing character: There is no ‚ in font PTSerif-Regular-tlf-ot1!
Missing character: There is no Ä in font PTSerif-Regular-tlf-ot1!
Missing character: There is no ì in font PTSerif-Regular-tlf-ot1!
Missing character: There is no ‚ in font PTSerif-Regular-tlf-ot1!
Missing character: There is no Ä in font PTSerif-Regular-tlf-ot1!
Missing character: There is no ì in font PTSerif-Regular-tlf-ot1!
Missing character: There is no ‚ in font PTSerif-Regular-tlf-ot1!
Missing character: There is no Ä in font PTSerif-Regular-tlf-ot1!
Missing character: There is no ì in font PTSerif-Regular-tlf-ot1!
Missing character: There is no ‚ in font PTSerif-Regular-tlf-ot1!
Missing character: There is no Ä in font PTSerif-Regular-tlf-ot1!
Missing character: There is no ¢ in font PTSerif-Regular-tlf-ot1!
Missing character: There is no ‚ in font PTSerif-Regular-tlf-ot1!
Missing character: There is no Ä in font PTSerif-Regular-tlf-ot1!
Missing character: There is no ¢ in font PTSerif-Regular-tlf-ot1!
Missing character: There is no ‚ in font PTSerif-Regular-tlf-ot1!
Missing character: There is no Ä in font PTSerif-Regular-tlf-ot1!
Missing character: There is no ¢ in font PTSerif-Regular-tlf-ot1!
Missing character: There is no ‚ in font PTSerif-Regular-tlf-ot1!
Missing character: There is no Ä in font PTSerif-Regular-tlf-ot1!
Missing character: There is no ì in font PTSerif-Regular-tlf-ot1!
Missing character: There is no ‚ in font PTSerif-Regular-tlf-ot1!
Missing character: There is no Ä in font PTSerif-Regular-tlf-ot1!
Missing character: There is no ¢ in font PTSerif-Regular-tlf-ot1!
Missing character: There is no ‚ in font PTSerif-Regular-tlf-ot1!
Missing character: There is no Ä in font PTSerif-Regular-tlf-ot1!
Missing character: There is no ì in font PTSerif-Regular-tlf-ot1!
 [9]
Missing character: There is no Ô in font PTSerif-Regular-tlf-ot1!
Missing character: There is no Å in font PTSerif-Regular-tlf-ot1!
Missing character: There is no õ in font PTSerif-Regular-tlf-ot1!
Missing character: There is no ‚ in font PTSerif-Regular-tlf-ot1!
Missing character: There is no Ä in font PTSerif-Regular-tlf-ot1!
Missing character: There is no ô in font PTSerif-Regular-tlf-ot1!
Missing character: There is no ‚ in font PTSerif-Regular-tlf-ot1!
Missing character: There is no Ä in font PTSerif-Regular-tlf-ot1!
Missing character: There is no ¢ in font PTSerif-Regular-tlf-ot1!
Missing character: There is no ‚ in font PTSerif-Regular-tlf-ot1!
Missing character: There is no Ä in font PTSerif-Regular-tlf-ot1!
Missing character: There is no ¢ in font PTSerif-Regular-tlf-ot1!
Missing character: There is no ‚ in font PTSerif-Regular-tlf-ot1!
Missing character: There is no Ä in font PTSerif-Regular-tlf-ot1!
Missing character: There is no ¢ in font PTSerif-Regular-tlf-ot1!
Missing character: There is no ‚ in font PTSerif-Regular-tlf-ot1!
Missing character: There is no Ä in font PTSerif-Regular-tlf-ot1!
Missing character: There is no ¢ in font PTSerif-Regular-tlf-ot1!
Missing character: There is no ‚ in font PTSerif-Regular-tlf-ot1!
Missing character: There is no Ä in font PTSerif-Regular-tlf-ot1!
Missing character: There is no ¢ in font PTSerif-Regular-tlf-ot1!
Missing character: There is no ‚ in font PTSerif-Regular-tlf-ot1!
Missing character: There is no Ä in font PTSerif-Regular-tlf-ot1!
Missing character: There is no ô in font PTSerif-Regular-tlf-ot1!
Missing character: There is no ‚ in font PTSerif-Regular-tlf-ot1!
Missing character: There is no Ä in font PTSerif-Regular-tlf-ot1!
Missing character: There is no ¢ in font PTSerif-Regular-tlf-ot1!
Missing character: There is no ‚ in font PTSerif-Regular-tlf-ot1!
Missing character: There is no Ä in font PTSerif-Regular-tlf-ot1!
Missing character: There is no ¢ in font PTSerif-Regular-tlf-ot1!
Missing character: There is no ‚ in font PTSerif-Regular-tlf-ot1!
Missing character: There is no Ä in font PTSerif-Regular-tlf-ot1!
Missing character: There is no ¢ in font PTSerif-Regular-tlf-ot1!
Missing character: There is no ‚ in font PTSerif-Regular-tlf-ot1!
Missing character: There is no Ä in font PTSerif-Regular-tlf-ot1!
Missing character: There is no ì in font PTSerif-Regular-tlf-ot1!
Missing character: There is no ‚ in font PTSerif-Regular-tlf-ot1!
Missing character: There is no Ä in font PTSerif-Regular-tlf-ot1!
Missing character: There is no ¢ in font PTSerif-Regular-tlf-ot1!
Missing character: There is no ‚ in font PTSerif-Regular-tlf-ot1!
Missing character: There is no Ä in font PTSerif-Regular-tlf-ot1!
Missing character: There is no ú in font PTSerif-Regular-tlf-ot1!
Missing character: There is no ‚ in font PTSerif-Regular-tlf-ot1!
Missing character: There is no Ä in font PTSerif-Regular-tlf-ot1!
Missing character: There is no ù in font PTSerif-Regular-tlf-ot1!
Missing character: There is no ‚ in font PTSerif-Regular-tlf-ot1!
Missing character: There is no Ä in font PTSerif-Regular-tlf-ot1!
Missing character: There is no ¢ in font PTSerif-Regular-tlf-ot1!
Missing character: There is no ‚ in font PTSerif-Regular-tlf-ot1!
Missing character: There is no Ä in font PTSerif-Regular-tlf-ot1!
Missing character: There is no ¢ in font PTSerif-Regular-tlf-ot1!
Missing character: There is no ‚ in font PTSerif-Regular-tlf-ot1!
Missing character: There is no Ä in font PTSerif-Regular-tlf-ot1!
Missing character: There is no ¢ in font PTSerif-Regular-tlf-ot1!
Missing character: There is no ‚ in font PTSerif-Regular-tlf-ot1!
Missing character: There is no Ä in font PTSerif-Regular-tlf-ot1!
Missing character: There is no ú in font PTSerif-Regular-tlf-ot1!
Missing character: There is no ‚ in font PTSerif-Regular-tlf-ot1!
Missing character: There is no Ä in font PTSerif-Regular-tlf-ot1!
Missing character: There is no ù in font PTSerif-Regular-tlf-ot1!
Missing character: There is no ‚ in font PTSerif-Regular-tlf-ot1!
Missing character: There is no Ä in font PTSerif-Regular-tlf-ot1!
Missing character: There is no ¢ in font PTSerif-Regular-tlf-ot1!
Missing character: There is no ‚ in font PTSerif-Regular-tlf-ot1!
Missing character: There is no ñ in font PTSerif-Regular-tlf-ot1!
Missing character: There is no ™ in font PTSerif-Regular-tlf-ot1!
Missing character: There is no ‚ in font PTSerif-Regular-tlf-ot1!
Missing character: There is no ñ in font PTSerif-Regular-tlf-ot1!
Missing character: There is no ™ in font PTSerif-Regular-tlf-ot1!
Missing character: There is no ‚ in font PTSerif-Regular-tlf-ot1!
Missing character: There is no ñ in font PTSerif-Regular-tlf-ot1!
Missing character: There is no ™ in font PTSerif-Regular-tlf-ot1!
Missing character: There is no ‚ in font PTSerif-Regular-tlf-ot1!
Missing character: There is no Ä in font PTSerif-Regular-tlf-ot1!
Missing character: There is no ô in font PTSerif-Regular-tlf-ot1!
Missing character: There is no ‚ in font PTSerif-Regular-tlf-ot1!
Missing character: There is no Ä in font PTSerif-Regular-tlf-ot1!
Missing character: There is no î in font PTSerif-Regular-tlf-ot1!
Missing character: There is no ‚ in font PTSerif-Regular-tlf-ot1!
Missing character: There is no Ä in font PTSerif-Regular-tlf-ot1!
Missing character: There is no ¢ in font PTSerif-Regular-tlf-ot1!
 [10]
Missing character: There is no ‚ in font PTSerif-Regular-tlf-ot1!
Missing character: There is no Ä in font PTSerif-Regular-tlf-ot1!
Missing character: There is no ¢ in font PTSerif-Regular-tlf-ot1!
Missing character: There is no ‚ in font PTSerif-Regular-tlf-ot1!
Missing character: There is no Ä in font PTSerif-Regular-tlf-ot1!
Missing character: There is no ¢ in font PTSerif-Regular-tlf-ot1!
Missing character: There is no ‚ in font PTSerif-Regular-tlf-ot1!
Missing character: There is no Ä in font PTSerif-Regular-tlf-ot1!
Missing character: There is no ¢ in font PTSerif-Regular-tlf-ot1!
Missing character: There is no ‚ in font PTSerif-Regular-tlf-ot1!
Missing character: There is no Ä in font PTSerif-Regular-tlf-ot1!
Missing character: There is no ¢ in font PTSerif-Regular-tlf-ot1!
Missing character: There is no ‚ in font PTSerif-Regular-tlf-ot1!
Missing character: There is no Ä in font PTSerif-Regular-tlf-ot1!
Missing character: There is no ¢ in font PTSerif-Regular-tlf-ot1!
Missing character: There is no ‚ in font PTSerif-Regular-tlf-ot1!
Missing character: There is no Ä in font PTSerif-Regular-tlf-ot1!
Missing character: There is no ¢ in font PTSerif-Regular-tlf-ot1!
Missing character: There is no ‚ in font PTSerif-Regular-tlf-ot1!
Missing character: There is no Ä in font PTSerif-Regular-tlf-ot1!
Missing character: There is no ¢ in font PTSerif-Regular-tlf-ot1!
Missing character: There is no ‚ in font PTSerif-Regular-tlf-ot1!
Missing character: There is no Ä in font PTSerif-Regular-tlf-ot1!
Missing character: There is no ¢ in font PTSerif-Regular-tlf-ot1!
Missing character: There is no ‚ in font PTSerif-Regular-tlf-ot1!
Missing character: There is no Ä in font PTSerif-Regular-tlf-ot1!
Missing character: There is no ¢ in font PTSerif-Regular-tlf-ot1!
Missing character: There is no ‚ in font PTSerif-Regular-tlf-ot1!
Missing character: There is no Ä in font PTSerif-Regular-tlf-ot1!
Missing character: There is no ¢ in font PTSerif-Regular-tlf-ot1!
Missing character: There is no ‚ in font PTSerif-Regular-tlf-ot1!
Missing character: There is no Ä in font PTSerif-Regular-tlf-ot1!
Missing character: There is no ¢ in font PTSerif-Regular-tlf-ot1!
Missing character: There is no ‚ in font PTSerif-Regular-tlf-ot1!
Missing character: There is no Ä in font PTSerif-Regular-tlf-ot1!
Missing character: There is no ô in font PTSerif-Regular-tlf-ot1!
Missing character: There is no ‚ in font PTSerif-Regular-tlf-ot1!
Missing character: There is no Ä in font PTSerif-Regular-tlf-ot1!
Missing character: There is no ¢ in font PTSerif-Regular-tlf-ot1!
 [11]
Missing character: There is no ‚ in font PTSerif-Regular-tlf-ot1!
Missing character: There is no Ä in font PTSerif-Regular-tlf-ot1!
Missing character: There is no ¢ in font PTSerif-Regular-tlf-ot1!
Missing character: There is no ‚ in font PTSerif-Regular-tlf-ot1!
Missing character: There is no Ä in font PTSerif-Regular-tlf-ot1!
Missing character: There is no ¢ in font PTSerif-Regular-tlf-ot1!
Missing character: There is no ‚ in font PTSerif-Regular-tlf-ot1!
Missing character: There is no Ä in font PTSerif-Regular-tlf-ot1!
Missing character: There is no ¢ in font PTSerif-Regular-tlf-ot1!
Missing character: There is no ‚ in font PTSerif-Regular-tlf-ot1!
Missing character: There is no Ä in font PTSerif-Regular-tlf-ot1!
Missing character: There is no ¢ in font PTSerif-Regular-tlf-ot1!
Missing character: There is no ‚ in font PTSerif-Regular-tlf-ot1!
Missing character: There is no Ä in font PTSerif-Regular-tlf-ot1!
Missing character: There is no ¢ in font PTSerif-Regular-tlf-ot1!
Missing character: There is no ‚ in font PTSerif-Regular-tlf-ot1!
Missing character: There is no Ä in font PTSerif-Regular-tlf-ot1!
Missing character: There is no ¢ in font PTSerif-Regular-tlf-ot1!
Missing character: There is no Ô in font PTSerif-Regular-tlf-ot1!
Missing character: There is no Å in font PTSerif-Regular-tlf-ot1!
Missing character: There is no õ in font PTSerif-Regular-tlf-ot1!
Missing character: There is no ‚ in font PTSerif-Regular-tlf-ot1!
Missing character: There is no Ä in font PTSerif-Regular-tlf-ot1!
Missing character: There is no ô in font PTSerif-Regular-tlf-ot1!
Missing character: There is no Ô in font PTSerif-Regular-tlf-ot1!
Missing character: There is no Å in font PTSerif-Regular-tlf-ot1!
Missing character: There is no õ in font PTSerif-Regular-tlf-ot1!
Missing character: There is no ‚ in font PTSerif-Regular-tlf-ot1!
Missing character: There is no Ä in font PTSerif-Regular-tlf-ot1!
Missing character: There is no ¢ in font PTSerif-Regular-tlf-ot1!
Missing character: There is no ‚ in font PTSerif-Regular-tlf-ot1!
Missing character: There is no Ä in font PTSerif-Regular-tlf-ot1!
Missing character: There is no ¢ in font PTSerif-Regular-tlf-ot1!
Missing character: There is no ‚ in font PTSerif-Regular-tlf-ot1!
Missing character: There is no Ä in font PTSerif-Regular-tlf-ot1!
Missing character: There is no ¢ in font PTSerif-Regular-tlf-ot1!
Missing character: There is no ‚ in font PTSerif-Regular-tlf-ot1!
Missing character: There is no Ä in font PTSerif-Regular-tlf-ot1!
Missing character: There is no ¢ in font PTSerif-Regular-tlf-ot1!
Missing character: There is no ‚ in font PTSerif-Regular-tlf-ot1!
Missing character: There is no Ä in font PTSerif-Regular-tlf-ot1!
Missing character: There is no ¢ in font PTSerif-Regular-tlf-ot1!
Missing character: There is no ‚ in font PTSerif-Regular-tlf-ot1!
Missing character: There is no Ä in font PTSerif-Regular-tlf-ot1!
Missing character: There is no ¢ in font PTSerif-Regular-tlf-ot1!
Missing character: There is no ‚ in font PTSerif-Regular-tlf-ot1!
Missing character: There is no Ä in font PTSerif-Regular-tlf-ot1!
Missing character: There is no ¢ in font PTSerif-Regular-tlf-ot1!
 [12]
Missing character: There is no ‚ in font PTSerif-Regular-tlf-ot1!
Missing character: There is no Ä in font PTSerif-Regular-tlf-ot1!
Missing character: There is no ¢ in font PTSerif-Regular-tlf-ot1!
Missing character: There is no ‚ in font PTSerif-Regular-tlf-ot1!
Missing character: There is no Ä in font PTSerif-Regular-tlf-ot1!
Missing character: There is no ¢ in font PTSerif-Regular-tlf-ot1!
Missing character: There is no ‚ in font PTSerif-Regular-tlf-ot1!
Missing character: There is no Ä in font PTSerif-Regular-tlf-ot1!
Missing character: There is no ¢ in font PTSerif-Regular-tlf-ot1!
Missing character: There is no ‚ in font PTSerif-Regular-tlf-ot1!
Missing character: There is no Ä in font PTSerif-Regular-tlf-ot1!
Missing character: There is no ¢ in font PTSerif-Regular-tlf-ot1!
Missing character: There is no ‚ in font PTSerif-Regular-tlf-ot1!
Missing character: There is no Ä in font PTSerif-Regular-tlf-ot1!
Missing character: There is no ì in font PTSerif-Regular-tlf-ot1!
Missing character: There is no ‚ in font PTSerif-Regular-tlf-ot1!
Missing character: There is no Ä in font PTSerif-Regular-tlf-ot1!
Missing character: There is no ¢ in font PTSerif-Regular-tlf-ot1!
Missing character: There is no ‚ in font PTSerif-Regular-tlf-ot1!
Missing character: There is no Ä in font PTSerif-Regular-tlf-ot1!
Missing character: There is no ¢ in font PTSerif-Regular-tlf-ot1!
Missing character: There is no ‚ in font PTSerif-Regular-tlf-ot1!
Missing character: There is no Ä in font PTSerif-Regular-tlf-ot1!
Missing character: There is no ¢ in font PTSerif-Regular-tlf-ot1!
Missing character: There is no ‚ in font PTSerif-Regular-tlf-ot1!
Missing character: There is no Ä in font PTSerif-Regular-tlf-ot1!
Missing character: There is no ¢ in font PTSerif-Regular-tlf-ot1!
Missing character: There is no ‚ in font PTSerif-Regular-tlf-ot1!
Missing character: There is no Ä in font PTSerif-Regular-tlf-ot1!
Missing character: There is no ¢ in font PTSerif-Regular-tlf-ot1!
Missing character: There is no ‚ in font PTSerif-Regular-tlf-ot1!
Missing character: There is no Ä in font PTSerif-Regular-tlf-ot1!
Missing character: There is no ¢ in font PTSerif-Regular-tlf-ot1!
Missing character: There is no ‚ in font PTSerif-Regular-tlf-ot1!
Missing character: There is no Ä in font PTSerif-Regular-tlf-ot1!
Missing character: There is no ¢ in font PTSerif-Regular-tlf-ot1!
Missing character: There is no ‚ in font PTSerif-Regular-tlf-ot1!
Missing character: There is no Ä in font PTSerif-Regular-tlf-ot1!
Missing character: There is no ¢ in font PTSerif-Regular-tlf-ot1!
Missing character: There is no ‚ in font PTSerif-Regular-tlf-ot1!
Missing character: There is no Ä in font PTSerif-Regular-tlf-ot1!
Missing character: There is no ô in font PTSerif-Regular-tlf-ot1!
Missing character: There is no ‚ in font PTSerif-Regular-tlf-ot1!
Missing character: There is no Ä in font PTSerif-Regular-tlf-ot1!
Missing character: There is no ¢ in font PTSerif-Regular-tlf-ot1!
Missing character: There is no ‚ in font PTSerif-Regular-tlf-ot1!
Missing character: There is no Ä in font PTSerif-Regular-tlf-ot1!
Missing character: There is no ¢ in font PTSerif-Regular-tlf-ot1!
Missing character: There is no Ô in font PTSerif-Regular-tlf-ot1!
Missing character: There is no Å in font PTSerif-Regular-tlf-ot1!
Missing character: There is no õ in font PTSerif-Regular-tlf-ot1!
Missing character: There is no Ô in font PTSerif-Regular-tlf-ot1!
Missing character: There is no Å in font PTSerif-Regular-tlf-ot1!
Missing character: There is no õ in font PTSerif-Regular-tlf-ot1!
Missing character: There is no ‚ in font PTSerif-Regular-tlf-ot1!
Missing character: There is no Ä in font PTSerif-Regular-tlf-ot1!
Missing character: There is no ô in font PTSerif-Regular-tlf-ot1!
 [13]
Missing character: There is no ‚ in font PTSerif-Regular-tlf-ot1!
Missing character: There is no Ä in font PTSerif-Regular-tlf-ot1!
Missing character: There is no ¢ in font PTSerif-Regular-tlf-ot1!
Missing character: There is no ‚ in font PTSerif-Regular-tlf-ot1!
Missing character: There is no Ä in font PTSerif-Regular-tlf-ot1!
Missing character: There is no ¢ in font PTSerif-Regular-tlf-ot1!
Missing character: There is no ‚ in font PTSerif-Regular-tlf-ot1!
Missing character: There is no Ä in font PTSerif-Regular-tlf-ot1!
Missing character: There is no ¢ in font PTSerif-Regular-tlf-ot1!
Missing character: There is no √ in font PTSerif-Regular-tlf-ot1!
Missing character: There is no ß in font PTSerif-Regular-tlf-ot1!
Missing character: There is no √ in font PTSerif-Regular-tlf-ot1!
Missing character: There is no ß in font PTSerif-Regular-tlf-ot1!
Missing character: There is no ‚ in font PTSerif-Regular-tlf-ot1!
Missing character: There is no Ä in font PTSerif-Regular-tlf-ot1!
Missing character: There is no ¢ in font PTSerif-Regular-tlf-ot1!
Missing character: There is no ‚ in font PTSerif-Regular-tlf-ot1!
Missing character: There is no Ä in font PTSerif-Regular-tlf-ot1!
Missing character: There is no ¢ in font PTSerif-Regular-tlf-ot1!
Missing character: There is no ‚ in font PTSerif-Regular-tlf-ot1!
Missing character: There is no Ä in font PTSerif-Regular-tlf-ot1!
Missing character: There is no ¢ in font PTSerif-Regular-tlf-ot1!
Missing character: There is no ‚ in font PTSerif-Regular-tlf-ot1!
Missing character: There is no Ä in font PTSerif-Regular-tlf-ot1!
Missing character: There is no ¢ in font PTSerif-Regular-tlf-ot1!
Missing character: There is no ‚ in font PTSerif-Regular-tlf-ot1!
Missing character: There is no Ä in font PTSerif-Regular-tlf-ot1!
Missing character: There is no ¢ in font PTSerif-Regular-tlf-ot1!
Missing character: There is no Ô in font PTSerif-Regular-tlf-ot1!
Missing character: There is no Å in font PTSerif-Regular-tlf-ot1!
Missing character: There is no õ in font PTSerif-Regular-tlf-ot1!
Missing character: There is no ‚ in font PTSerif-Regular-tlf-ot1!
Missing character: There is no Ä in font PTSerif-Regular-tlf-ot1!
Missing character: There is no ¢ in font PTSerif-Regular-tlf-ot1!
 [14]
Missing character: There is no ‚ in font PTSerif-Regular-tlf-ot1!
Missing character: There is no Ä in font PTSerif-Regular-tlf-ot1!
Missing character: There is no ¢ in font PTSerif-Regular-tlf-ot1!
Missing character: There is no ‚ in font PTSerif-Regular-tlf-ot1!
Missing character: There is no Ä in font PTSerif-Regular-tlf-ot1!
Missing character: There is no ¢ in font PTSerif-Regular-tlf-ot1!
Missing character: There is no ‚ in font PTSerif-Regular-tlf-ot1!
Missing character: There is no Ä in font PTSerif-Regular-tlf-ot1!
Missing character: There is no ¢ in font PTSerif-Regular-tlf-ot1!
Missing character: There is no ‚ in font PTSerif-Regular-tlf-ot1!
Missing character: There is no Ä in font PTSerif-Regular-tlf-ot1!
Missing character: There is no ¢ in font PTSerif-Regular-tlf-ot1!
Missing character: There is no ‚ in font PTSerif-Regular-tlf-ot1!
Missing character: There is no Ä in font PTSerif-Regular-tlf-ot1!
Missing character: There is no ¢ in font PTSerif-Regular-tlf-ot1!
 [15]
(./ENG5895 Software Design.aux) ) 
Here is how much of TeX's memory you used:
 2870 strings out of 492995
 44133 string characters out of 6132704
 118993 words of memory out of 5000000
 6446 multiletter control sequences out of 15000+600000
 22490 words of font info for 36 fonts, out of 8000000 for 9000
 1141 hyphenation exceptions out of 8191
 36i,6n,38p,322b,147s stack positions out of 5000i,500n,10000p,200000b,80000s
{/usr/local/texlive/2017/texmf-dist/fonts/enc/
dvips/paratype/ptserif_ot1.enc}</usr/local/texlive/2017/texmf-dist/fonts/type1/
paratype/ptserif/PTF55F.pfb></usr/local/texlive/2017/texmf-dist/fonts/type1/par
atype/ptserif/PTF56F.pfb></usr/local/texlive/2017/texmf-dist/fonts/type1/paraty
pe/ptserif/PTF75F.pfb></usr/local/texlive/2017/texmf-dist/fonts/type1/public/am
sfonts/cm/cmsy10.pfb>
Output written on "ENG5895 Software Design.pdf" (16 pages, 68101 bytes).
PDF statistics:
 73 PDF objects out of 1000 (max. 8388607)
 50 compressed objects within 1 object stream
 0 named destinations out of 1000 (max. 500000)
 1 words of extra memory for PDF output out of 10000 (max. 10000000)

